[2026-07-23 23:16:36] Face Missing
[2026-07-23 23:16:38] Face Returned | Absent: 2.54 sec
[2026-07-23 23:16:42] Face Missing
[2026-07-23 23:16:46] Face Returned | Absent: 3.71 sec
[2026-07-23 23:35:23] Window Lost Focus
[2026-07-23 23:35:23] Tab Switched
[2026-07-23 23:36:07] Window Focused
[2026-07-23 23:36:07] Returned to Exam
[2026-07-23 23:36:20] Window Lost Focus
[2026-07-23 23:36:20] Tab Switched
[2026-07-24 00:30:26] Returned to Exam
[2026-07-24 00:30:26] Window Focused
[2026-07-24 00:30:32] Window Lost Focus
[2026-07-24 00:30:32] Tab Switched
[2026-07-24 00:30:51] Window Lost Focus
[2026-07-24 00:30:52] Tab Switched
[2026-07-24 00:47:44] Face Missing
[2026-07-24 00:47:46] Face Returned | Absent: 2.57 sec
[2026-07-24 00:47:48] Face Missing
[2026-07-24 00:47:53] Face Returned | Absent: 4.90 sec
[2026-07-24 01:05:48] Window Focused
[2026-07-24 01:05:48] Returned to Exam
[2026-07-24 01:05:51] Tab Switched
[2026-07-24 01:05:51] Window Lost Focus
[2026-07-24 01:06:57] Tab Switched
[2026-07-24 01:06:57] Window Lost Focus
[2026-07-24 01:12:45] Window Lost Focus
[2026-07-24 01:12:45] Tab Switched
[2026-07-24 01:33:10] Returned to Exam
[2026-07-24 01:33:14] Tab Switched
[2026-07-24 01:33:14] Window Lost Focus
[2026-07-24 01:33:38] Window Lost Focus
[2026-07-24 01:33:38] Tab Switched
[2026-07-24 01:41:35] Returned to Exam
[2026-07-24 01:41:35] Window Focused
[2026-07-24 01:41:39] Window Lost Focus
[2026-07-24 01:41:39] Tab Switched
